<?xml version="1.0" encoding="UTF-8"?>
<!-- Generated by org.testng.reporters.JUnitReportReporter -->
<testsuite hostname="Volodymyr-PC" name="com.nhuha.invoice.tests.Run" tests="136" failures="2" timestamp="28 Sep 2014 13:38:25 GMT" time="79.186" errors="0">
  <testcase name="totalProductPriceVerification" time="0.723" classname="com.nhuha.invoice.tests.Run"/>
  <testcase name="productNameValidation" time="0.157" classname="com.nhuha.invoice.tests.Run"/>
  <testcase name="editQuantityValidation" time="0.812" classname="com.nhuha.invoice.tests.Run"/>
  <testcase name="editProductNameValidation" time="0.556" classname="com.nhuha.invoice.tests.Run"/>
  <testcase name="editProductNameValidation" time="0.533" classname="com.nhuha.invoice.tests.Run"/>
  <testcase name="quantityValidation" time="0.159" classname="com.nhuha.invoice.tests.Run"/>
  <testcase name="editPriceValidation" time="0.631" classname="com.nhuha.invoice.tests.Run"/>
  <testcase name="editProductNameValidation" time="0.545" classname="com.nhuha.invoice.tests.Run"/>
  <testcase name="editPrice" time="0.613" classname="com.nhuha.invoice.tests.Run"/>
  <testcase name="editQuantityValidation" time="0.589" classname="com.nhuha.invoice.tests.Run"/>
  <testcase name="addProductPriceValidation" time="0.631" classname="com.nhuha.invoice.tests.Run"/>
  <testcase name="removeProduct" time="0.658" classname="com.nhuha.invoice.tests.Run"/>
  <testcase name="addProductNameValidation" time="0.613" classname="com.nhuha.invoice.tests.Run"/>
  <testcase name="quantityValidation" time="0.312" classname="com.nhuha.invoice.tests.Run"/>
  <testcase name="editProductNameValidation" time="0.571" classname="com.nhuha.invoice.tests.Run"/>
  <testcase name="priceValidation" time="0.162" classname="com.nhuha.invoice.tests.Run"/>
  <testcase name="editQuantityValidation" time="0.623" classname="com.nhuha.invoice.tests.Run"/>
  <testcase name="addProductPriceQuantity" time="0.575" classname="com.nhuha.invoice.tests.Run"/>
  <testcase name="priceValidation" time="0.158" classname="com.nhuha.invoice.tests.Run"/>
  <testcase name="priceValidation" time="0.148" classname="com.nhuha.invoice.tests.Run"/>
  <testcase name="quantityValidation" time="0.155" classname="com.nhuha.invoice.tests.Run"/>
  <testcase name="editProductNameValidation" time="0.667" classname="com.nhuha.invoice.tests.Run"/>
  <testcase name="editPrice" time="0.554" classname="com.nhuha.invoice.tests.Run"/>
  <testcase name="quantityValidation" time="0.161" classname="com.nhuha.invoice.tests.Run"/>
  <testcase name="editQuantityValidation" time="0.519" classname="com.nhuha.invoice.tests.Run"/>
  <testcase name="productNameValidation" time="0.141" classname="com.nhuha.invoice.tests.Run"/>
  <testcase name="editProduct" time="0.660" classname="com.nhuha.invoice.tests.Run"/>
  <testcase name="editPriceValidation" time="0.547" classname="com.nhuha.invoice.tests.Run"/>
  <testcase name="editQuantityValidation" time="0.612" classname="com.nhuha.invoice.tests.Run"/>
  <testcase name="editQuantityValidation" time="0.548" classname="com.nhuha.invoice.tests.Run"/>
  <testcase name="priceValidation" time="0.151" classname="com.nhuha.invoice.tests.Run"/>
  <testcase name="quantityValidation" time="0.164" classname="com.nhuha.invoice.tests.Run"/>
  <testcase name="editQuantityValidation" time="0.613" classname="com.nhuha.invoice.tests.Run"/>
  <testcase name="productNameValidation" time="0.163" classname="com.nhuha.invoice.tests.Run"/>
  <testcase name="addProductNameValidatioONFalure" time="10.748" classname="com.nhuha.invoice.tests.Run">
    <failure type="org.openqa.selenium.NoSuchElementException" message="no such element
  (Session info: chrome=37.0.2062.124)
  (Driver info: chromedriver=2.9.248315,platform=Windows NT 6.1 SP1 x86_64) (WARNING: The server did not provide any stacktrace information)
Command duration or timeout: 10.04 seconds
For documentation on this error, please visit: http://seleniumhq.org/exceptions/no_such_element.html
Build info: version: &#039;2.42.2&#039;, revision: &#039;6a6995d&#039;, time: &#039;2014-06-03 17:42:30&#039;
System info: host: &#039;Volodymyr-PC&#039;, ip: &#039;192.168.1.103&#039;, os.name: &#039;Windows 7&#039;, os.arch: &#039;amd64&#039;, os.version: &#039;6.1&#039;, java.version: &#039;1.8.0_11&#039;
Driver info: org.openqa.selenium.chrome.ChromeDriver
Capabilities [{applicationCacheEnabled=false, rotatable=false, chrome={userDataDir=C:\Users\VOLODY~1\AppData\Local\Temp\scoped_dir7976_23724}, takesHeapSnapshot=true, databaseEnabled=false, handlesAlerts=true, version=37.0.2062.124, platform=XP, browserConnectionEnabled=false, nativeEvents=true, acceptSslCerts=true, locationContextEnabled=true, webStorageEnabled=true, browserName=chrome, takesScreenshot=true, javascriptEnabled=true, cssSelectorsEnabled=true}]
Session ID: 7711cc9ec78b325c9e5d58211c3b6862">
      <![CDATA[org.openqa.selenium.NoSuchElementException: no such element
  (Session info: chrome=37.0.2062.124)
  (Driver info: chromedriver=2.9.248315,platform=Windows NT 6.1 SP1 x86_64) (WARNING: The server did not provide any stacktrace information)
Command duration or timeout: 10.04 seconds
For documentation on this error, please visit: http://seleniumhq.org/exceptions/no_such_element.html
Build info: version: '2.42.2', revision: '6a6995d', time: '2014-06-03 17:42:30'
System info: host: 'Volodymyr-PC', ip: '192.168.1.103', os.name: 'Windows 7', os.arch: 'amd64', os.version: '6.1', java.version: '1.8.0_11'
Driver info: org.openqa.selenium.chrome.ChromeDriver
Capabilities [{applicationCacheEnabled=false, rotatable=false, chrome={userDataDir=C:\Users\VOLODY~1\AppData\Local\Temp\scoped_dir7976_23724}, takesHeapSnapshot=true, databaseEnabled=false, handlesAlerts=true, version=37.0.2062.124, platform=XP, browserConnectionEnabled=false, nativeEvents=true, acceptSslCerts=true, locationContextEnabled=true, webStorageEnabled=true, browserName=chrome, takesScreenshot=true, javascriptEnabled=true, cssSelectorsEnabled=true}]
Session ID: 7711cc9ec78b325c9e5d58211c3b6862
	at sun.reflect.NativeConstructorAccessorImpl.newInstance0(Native Method)
	at sun.reflect.NativeConstructorAccessorImpl.newInstance(Unknown Source)
	at sun.reflect.DelegatingConstructorAccessorImpl.newInstance(Unknown Source)
	at java.lang.reflect.Constructor.newInstance(Unknown Source)
	at org.openqa.selenium.remote.ErrorHandler.createThrowable(ErrorHandler.java:204)
	at org.openqa.selenium.remote.ErrorHandler.throwIfResponseFailed(ErrorHandler.java:156)
	at org.openqa.selenium.remote.RemoteWebDriver.execute(RemoteWebDriver.java:599)
	at org.openqa.selenium.remote.RemoteWebElement.execute(RemoteWebElement.java:268)
	at org.openqa.selenium.remote.RemoteWebElement.findElement(RemoteWebElement.java:171)
	at org.openqa.selenium.remote.RemoteWebElement.findElementByCssSelector(RemoteWebElement.java:236)
	at org.openqa.selenium.By$ByCssSelector.findElement(By.java:426)
	at org.openqa.selenium.remote.RemoteWebElement.findElement(RemoteWebElement.java:167)
	at com.nhuha.invoice.tests.Run.addProductNameValidatioONFalure(Run.java:73)
	at sun.reflect.NativeMethodAccessorImpl.invoke0(Native Method)
	at sun.reflect.NativeMethodAccessorImpl.invoke(Unknown Source)
	at sun.reflect.DelegatingMethodAccessorImpl.invoke(Unknown Source)
	at java.lang.reflect.Method.invoke(Unknown Source)
	at org.testng.internal.MethodInvocationHelper.invokeMethod(MethodInvocationHelper.java:84)
	at org.testng.internal.Invoker.invokeMethod(Invoker.java:714)
	at org.testng.internal.Invoker.invokeTestMethod(Invoker.java:901)
	at org.testng.internal.Invoker.invokeTestMethods(Invoker.java:1231)
	at org.testng.internal.TestMethodWorker.invokeTestMethods(TestMethodWorker.java:127)
	at org.testng.internal.TestMethodWorker.run(TestMethodWorker.java:111)
	at org.testng.TestRunner.privateRun(TestRunner.java:767)
	at org.testng.TestRunner.run(TestRunner.java:617)
	at org.testng.SuiteRunner.runTest(SuiteRunner.java:334)
	at org.testng.SuiteRunner.runSequentially(SuiteRunner.java:329)
	at org.testng.SuiteRunner.privateRun(SuiteRunner.java:291)
	at org.testng.SuiteRunner.run(SuiteRunner.java:240)
	at org.testng.SuiteRunnerWorker.runSuite(SuiteRunnerWorker.java:52)
	at org.testng.SuiteRunnerWorker.run(SuiteRunnerWorker.java:86)
	at org.testng.TestNG.runSuitesSequentially(TestNG.java:1224)
	at org.testng.TestNG.runSuitesLocally(TestNG.java:1149)
	at org.testng.TestNG.run(TestNG.java:1057)
	at org.testng.remote.RemoteTestNG.run(RemoteTestNG.java:111)
	at org.testng.remote.RemoteTestNG.initAndRun(RemoteTestNG.java:204)
	at org.testng.remote.RemoteTestNG.main(RemoteTestNG.java:175)
]]>
    </failure>
  </testcase> <!-- addProductNameValidatioONFalure -->
  <testcase name="priceValidation" time="0.164" classname="com.nhuha.invoice.tests.Run"/>
  <testcase name="editPriceValidation" time="0.619" classname="com.nhuha.invoice.tests.Run"/>
  <testcase name="editUnit" time="0.603" classname="com.nhuha.invoice.tests.Run"/>
  <testcase name="editPriceValidation" time="0.586" classname="com.nhuha.invoice.tests.Run"/>
  <testcase name="editQantity" time="0.621" classname="com.nhuha.invoice.tests.Run"/>
  <testcase name="editPriceValidation" time="0.588" classname="com.nhuha.invoice.tests.Run"/>
  <testcase name="addUnitsKg" time="0.328" classname="com.nhuha.invoice.tests.Run"/>
  <testcase name="addUnitsM2" time="0.317" classname="com.nhuha.invoice.tests.Run"/>
  <testcase name="editPriceValidation" time="0.535" classname="com.nhuha.invoice.tests.Run"/>
  <testcase name="totalProductPriceVerification" time="0.654" classname="com.nhuha.invoice.tests.Run"/>
  <testcase name="editQuantityValidation" time="0.592" classname="com.nhuha.invoice.tests.Run"/>
  <testcase name="priceValidation" time="0.161" classname="com.nhuha.invoice.tests.Run"/>
  <testcase name="productNameValidation" time="0.184" classname="com.nhuha.invoice.tests.Run"/>
  <testcase name="productNameValidation" time="0.203" classname="com.nhuha.invoice.tests.Run"/>
  <testcase name="quantityValidation" time="0.162" classname="com.nhuha.invoice.tests.Run"/>
  <testcase name="priceValidation" time="0.160" classname="com.nhuha.invoice.tests.Run"/>
  <testcase name="editPriceValidation" time="0.624" classname="com.nhuha.invoice.tests.Run"/>
  <testcase name="emptyFieldsValidation" time="0.083" classname="com.nhuha.invoice.tests.Run"/>
  <testcase name="priceValidation" time="0.152" classname="com.nhuha.invoice.tests.Run"/>
  <testcase name="addProductNameValidation" time="0.638" classname="com.nhuha.invoice.tests.Run"/>
  <testcase name="editProductNameValidation" time="0.578" classname="com.nhuha.invoice.tests.Run"/>
  <testcase name="addProductPriceQuantity" time="0.598" classname="com.nhuha.invoice.tests.Run"/>
  <testcase name="editQuantityValidation" time="0.637" classname="com.nhuha.invoice.tests.Run"/>
  <testcase name="addUnitsM2" time="0.291" classname="com.nhuha.invoice.tests.Run"/>
  <testcase name="addUnitsL" time="0.297" classname="com.nhuha.invoice.tests.Run"/>
  <testcase name="editQuantityValidation" time="0.598" classname="com.nhuha.invoice.tests.Run"/>
  <testcase name="editProductNameValidation" time="0.568" classname="com.nhuha.invoice.tests.Run"/>
  <testcase name="addUnitsPcs" time="0.223" classname="com.nhuha.invoice.tests.Run"/>
  <testcase name="editProductNameValidation" time="0.597" classname="com.nhuha.invoice.tests.Run"/>
  <testcase name="editProductNameValidation" time="0.637" classname="com.nhuha.invoice.tests.Run"/>
  <testcase name="editQantity" time="0.643" classname="com.nhuha.invoice.tests.Run"/>
  <testcase name="editProductNameValidation" time="0.571" classname="com.nhuha.invoice.tests.Run"/>
  <testcase name="addUnitsM" time="0.295" classname="com.nhuha.invoice.tests.Run"/>
  <testcase name="quantityValidation" time="0.212" classname="com.nhuha.invoice.tests.Run"/>
  <testcase name="editPriceValidation" time="0.547" classname="com.nhuha.invoice.tests.Run"/>
  <testcase name="priceValidation" time="0.232" classname="com.nhuha.invoice.tests.Run"/>
  <testcase name="editProductNameValidation" time="0.586" classname="com.nhuha.invoice.tests.Run"/>
  <testcase name="quantityValidation" time="0.161" classname="com.nhuha.invoice.tests.Run"/>
  <testcase name="quantityValidation" time="0.163" classname="com.nhuha.invoice.tests.Run"/>
  <testcase name="editQuantityValidation" time="0.549" classname="com.nhuha.invoice.tests.Run"/>
  <testcase name="totalPriceVerification" time="0.938" classname="com.nhuha.invoice.tests.Run"/>
  <testcase name="editPriceValidation" time="0.573" classname="com.nhuha.invoice.tests.Run"/>
  <testcase name="editProduct" time="0.657" classname="com.nhuha.invoice.tests.Run"/>
  <testcase name="addProductPriceValidation" time="0.604" classname="com.nhuha.invoice.tests.Run"/>
  <testcase name="editPriceValidation" time="0.567" classname="com.nhuha.invoice.tests.Run"/>
  <testcase name="editPriceValidation" time="0.586" classname="com.nhuha.invoice.tests.Run"/>
  <testcase name="editQuantityValidation" time="0.549" classname="com.nhuha.invoice.tests.Run"/>
  <testcase name="editPriceValidation" time="0.696" classname="com.nhuha.invoice.tests.Run"/>
  <testcase name="editProductNameValidation" time="0.567" classname="com.nhuha.invoice.tests.Run"/>
  <testcase name="addUnitsKg" time="0.281" classname="com.nhuha.invoice.tests.Run"/>
  <testcase name="addUnitsL" time="0.286" classname="com.nhuha.invoice.tests.Run"/>
  <testcase name="cancelEditProduct" time="0.708" classname="com.nhuha.invoice.tests.Run"/>
  <testcase name="editPriceValidation" time="0.568" classname="com.nhuha.invoice.tests.Run"/>
  <testcase name="removeProduct" time="0.546" classname="com.nhuha.invoice.tests.Run"/>
  <testcase name="productNameValidation" time="0.175" classname="com.nhuha.invoice.tests.Run"/>
  <testcase name="productNameValidation" time="0.162" classname="com.nhuha.invoice.tests.Run"/>
  <testcase name="editUnit" time="0.642" classname="com.nhuha.invoice.tests.Run"/>
  <testcase name="quantityValidation" time="0.157" classname="com.nhuha.invoice.tests.Run"/>
  <testcase name="emptyFieldsValidation" time="0.089" classname="com.nhuha.invoice.tests.Run"/>
  <testcase name="quantityValidation" time="0.168" classname="com.nhuha.invoice.tests.Run"/>
  <testcase name="editQuantityValidation" time="0.583" classname="com.nhuha.invoice.tests.Run"/>
  <testcase name="productNameValidation" time="0.148" classname="com.nhuha.invoice.tests.Run"/>
  <testcase name="quantityValidation" time="0.171" classname="com.nhuha.invoice.tests.Run"/>
  <testcase name="editQuantityValidation" time="1.710" classname="com.nhuha.invoice.tests.Run"/>
  <testcase name="productNameValidation" time="0.148" classname="com.nhuha.invoice.tests.Run"/>
  <testcase name="editProductNameValidation" time="0.586" classname="com.nhuha.invoice.tests.Run"/>
  <testcase name="priceValidation" time="0.152" classname="com.nhuha.invoice.tests.Run"/>
  <testcase name="priceValidation" time="0.185" classname="com.nhuha.invoice.tests.Run"/>
  <testcase name="productNameValidation" time="0.160" classname="com.nhuha.invoice.tests.Run"/>
  <testcase name="addProductNameValidatioONFalure" time="10.793" classname="com.nhuha.invoice.tests.Run">
    <failure type="org.openqa.selenium.NoSuchElementException" message="Unable to locate element: {&quot;method&quot;:&quot;css selector&quot;,&quot;selector&quot;:&quot;.tr-cell.test&quot;}
Command duration or timeout: 10.09 seconds
For documentation on this error, please visit: http://seleniumhq.org/exceptions/no_such_element.html
Build info: version: &#039;2.42.2&#039;, revision: &#039;6a6995d&#039;, time: &#039;2014-06-03 17:42:30&#039;
System info: host: &#039;Volodymyr-PC&#039;, ip: &#039;192.168.1.103&#039;, os.name: &#039;Windows 7&#039;, os.arch: &#039;amd64&#039;, os.version: &#039;6.1&#039;, java.version: &#039;1.8.0_11&#039;
Driver info: org.openqa.selenium.firefox.FirefoxDriver
Capabilities [{applicationCacheEnabled=true, rotatable=false, handlesAlerts=true, databaseEnabled=true, version=31.0, platform=XP, nativeEvents=false, acceptSslCerts=true, webStorageEnabled=true, locationContextEnabled=true, browserName=firefox, takesScreenshot=true, javascriptEnabled=true, cssSelectorsEnabled=true}]
Session ID: 99a35825-7f3a-4add-9f45-cae35d66c0ad">
      <![CDATA[org.openqa.selenium.NoSuchElementException: Unable to locate element: {"method":"css selector","selector":".tr-cell.test"}
Command duration or timeout: 10.09 seconds
For documentation on this error, please visit: http://seleniumhq.org/exceptions/no_such_element.html
Build info: version: '2.42.2', revision: '6a6995d', time: '2014-06-03 17:42:30'
System info: host: 'Volodymyr-PC', ip: '192.168.1.103', os.name: 'Windows 7', os.arch: 'amd64', os.version: '6.1', java.version: '1.8.0_11'
Driver info: org.openqa.selenium.firefox.FirefoxDriver
Capabilities [{applicationCacheEnabled=true, rotatable=false, handlesAlerts=true, databaseEnabled=true, version=31.0, platform=XP, nativeEvents=false, acceptSslCerts=true, webStorageEnabled=true, locationContextEnabled=true, browserName=firefox, takesScreenshot=true, javascriptEnabled=true, cssSelectorsEnabled=true}]
Session ID: 99a35825-7f3a-4add-9f45-cae35d66c0ad
	at sun.reflect.NativeConstructorAccessorImpl.newInstance0(Native Method)
	at sun.reflect.NativeConstructorAccessorImpl.newInstance(Unknown Source)
	at sun.reflect.DelegatingConstructorAccessorImpl.newInstance(Unknown Source)
	at java.lang.reflect.Constructor.newInstance(Unknown Source)
	at org.openqa.selenium.remote.ErrorHandler.createThrowable(ErrorHandler.java:204)
	at org.openqa.selenium.remote.ErrorHandler.throwIfResponseFailed(ErrorHandler.java:156)
	at org.openqa.selenium.remote.RemoteWebDriver.execute(RemoteWebDriver.java:599)
	at org.openqa.selenium.remote.RemoteWebElement.execute(RemoteWebElement.java:268)
	at org.openqa.selenium.remote.RemoteWebElement.findElement(RemoteWebElement.java:171)
	at org.openqa.selenium.remote.RemoteWebElement.findElementByCssSelector(RemoteWebElement.java:236)
	at org.openqa.selenium.By$ByCssSelector.findElement(By.java:426)
	at org.openqa.selenium.remote.RemoteWebElement.findElement(RemoteWebElement.java:167)
	at com.nhuha.invoice.tests.Run.addProductNameValidatioONFalure(Run.java:73)
	at sun.reflect.NativeMethodAccessorImpl.invoke0(Native Method)
	at sun.reflect.NativeMethodAccessorImpl.invoke(Unknown Source)
	at sun.reflect.DelegatingMethodAccessorImpl.invoke(Unknown Source)
	at java.lang.reflect.Method.invoke(Unknown Source)
	at org.testng.internal.MethodInvocationHelper.invokeMethod(MethodInvocationHelper.java:84)
	at org.testng.internal.Invoker.invokeMethod(Invoker.java:714)
	at org.testng.internal.Invoker.invokeTestMethod(Invoker.java:901)
	at org.testng.internal.Invoker.invokeTestMethods(Invoker.java:1231)
	at org.testng.internal.TestMethodWorker.invokeTestMethods(TestMethodWorker.java:127)
	at org.testng.internal.TestMethodWorker.run(TestMethodWorker.java:111)
	at org.testng.TestRunner.privateRun(TestRunner.java:767)
	at org.testng.TestRunner.run(TestRunner.java:617)
	at org.testng.SuiteRunner.runTest(SuiteRunner.java:334)
	at org.testng.SuiteRunner.runSequentially(SuiteRunner.java:329)
	at org.testng.SuiteRunner.privateRun(SuiteRunner.java:291)
	at org.testng.SuiteRunner.run(SuiteRunner.java:240)
	at org.testng.SuiteRunnerWorker.runSuite(SuiteRunnerWorker.java:52)
	at org.testng.SuiteRunnerWorker.run(SuiteRunnerWorker.java:86)
	at org.testng.TestNG.runSuitesSequentially(TestNG.java:1224)
	at org.testng.TestNG.runSuitesLocally(TestNG.java:1149)
	at org.testng.TestNG.run(TestNG.java:1057)
	at org.testng.remote.RemoteTestNG.run(RemoteTestNG.java:111)
	at org.testng.remote.RemoteTestNG.initAndRun(RemoteTestNG.java:204)
	at org.testng.remote.RemoteTestNG.main(RemoteTestNG.java:175)
Caused by: org.openqa.selenium.remote.ErrorHandler$UnknownServerException: Unable to locate element: {"method":"css selector","selector":".tr-cell.test"}
Build info: version: '2.42.2', revision: '6a6995d', time: '2014-06-03 17:42:30'
System info: host: 'Volodymyr-PC', ip: '192.168.1.103', os.name: 'Windows 7', os.arch: 'amd64', os.version: '6.1', java.version: '1.8.0_11'
Driver info: driver.version: unknown
	at <anonymous class>.FirefoxDriver.prototype.findElementInternal_(file:///C:/Users/VOLODY~1/AppData/Local/Temp/anonymous4214243960361960312webdriver-profile/extensions/fxdriver@googlecode.com/components/driver_component.js:9470:133)
	at <anonymous class>.fxdriver.Timer.prototype.setTimeout/<.notify(file:///C:/Users/VOLODY~1/AppData/Local/Temp/anonymous4214243960361960312webdriver-profile/extensions/fxdriver@googlecode.com/components/driver_component.js:407:5)
]]>
    </failure>
  </testcase> <!-- addProductNameValidatioONFalure -->
  <testcase name="quantityValidation" time="0.176" classname="com.nhuha.invoice.tests.Run"/>
  <testcase name="cancelEditProduct" time="0.952" classname="com.nhuha.invoice.tests.Run"/>
  <testcase name="priceValidation" time="0.171" classname="com.nhuha.invoice.tests.Run"/>
  <testcase name="addUnitsPcs" time="0.277" classname="com.nhuha.invoice.tests.Run"/>
  <testcase name="quantityValidation" time="0.164" classname="com.nhuha.invoice.tests.Run"/>
  <testcase name="editPriceValidation" time="0.561" classname="com.nhuha.invoice.tests.Run"/>
  <testcase name="priceValidation" time="0.147" classname="com.nhuha.invoice.tests.Run"/>
  <testcase name="editPriceValidation" time="0.601" classname="com.nhuha.invoice.tests.Run"/>
  <testcase name="editQuantityValidation" time="0.596" classname="com.nhuha.invoice.tests.Run"/>
  <testcase name="editQuantityValidation" time="0.543" classname="com.nhuha.invoice.tests.Run"/>
  <testcase name="editPriceValidation" time="0.623" classname="com.nhuha.invoice.tests.Run"/>
  <testcase name="quantityValidation" time="0.156" classname="com.nhuha.invoice.tests.Run"/>
  <testcase name="editProductNameValidation" time="0.574" classname="com.nhuha.invoice.tests.Run"/>
  <testcase name="priceValidation" time="0.181" classname="com.nhuha.invoice.tests.Run"/>
  <testcase name="quantityValidation" time="0.175" classname="com.nhuha.invoice.tests.Run"/>
  <testcase name="editQuantityValidation" time="0.527" classname="com.nhuha.invoice.tests.Run"/>
  <testcase name="productNameValidation" time="0.151" classname="com.nhuha.invoice.tests.Run"/>
  <testcase name="productNameValidation" time="0.177" classname="com.nhuha.invoice.tests.Run"/>
  <testcase name="priceValidation" time="0.157" classname="com.nhuha.invoice.tests.Run"/>
  <testcase name="priceValidation" time="0.185" classname="com.nhuha.invoice.tests.Run"/>
  <testcase name="totalPriceVerification" time="1.760" classname="com.nhuha.invoice.tests.Run"/>
  <testcase name="editPriceValidation" time="0.563" classname="com.nhuha.invoice.tests.Run"/>
  <testcase name="priceValidation" time="0.152" classname="com.nhuha.invoice.tests.Run"/>
  <testcase name="quantityValidation" time="0.149" classname="com.nhuha.invoice.tests.Run"/>
  <testcase name="productNameValidation" time="0.141" classname="com.nhuha.invoice.tests.Run"/>
  <testcase name="productNameValidation" time="0.152" classname="com.nhuha.invoice.tests.Run"/>
  <testcase name="quantityValidation" time="0.155" classname="com.nhuha.invoice.tests.Run"/>
  <testcase name="priceValidation" time="0.162" classname="com.nhuha.invoice.tests.Run"/>
  <testcase name="addUnitsM" time="0.304" classname="com.nhuha.invoice.tests.Run"/>
  <testcase name="editQuantityValidation" time="0.684" classname="com.nhuha.invoice.tests.Run"/>
  <testcase name="editPriceValidation" time="0.586" classname="com.nhuha.invoice.tests.Run"/>
</testsuite> <!-- com.nhuha.invoice.tests.Run -->
