<?xml version="1.0" encoding="UTF-8"?>
<!-- Generated by org.testng.reporters.JUnitXMLReporter -->
<testsuite hostname="Volodymyr-PC" name="Run all invoice tests [FF]" tests="68" failures="1" timestamp="28 Sep 2014 13:37:41 GMT" time="45.67" errors="0">
  <testcase name="addProductNameValidatioONFalure" time="10.793" classname="com.nhuha.invoice.tests.Run">
    <failure type="org.openqa.selenium.NoSuchElementException" message="Unable to locate element: {&amp;quot;method&amp;quot;:&amp;quot;css selector&amp;quot;,&amp;quot;selector&amp;quot;:&amp;quot;.tr-cell.test&amp;quot;}
Command duration or timeout: 10.09 seconds
For documentation on this error, please visit: http://seleniumhq.org/exceptions/no_such_element.html
Build info: version: &amp;apos;2.42.2&amp;apos;, revision: &amp;apos;6a6995d&amp;apos;, time: &amp;apos;2014-06-03 17:42:30&amp;apos;
System info: host: &amp;apos;Volodymyr-PC&amp;apos;, ip: &amp;apos;192.168.1.103&amp;apos;, os.name: &amp;apos;Windows 7&amp;apos;, os.arch: &amp;apos;amd64&amp;apos;, os.version: &amp;apos;6.1&amp;apos;, java.version: &amp;apos;1.8.0_11&amp;apos;
Driver info: org.openqa.selenium.firefox.FirefoxDriver
Capabilities [{applicationCacheEnabled=true, rotatable=false, handlesAlerts=true, databaseEnabled=true, version=31.0, platform=XP, nativeEvents=false, acceptSslCerts=true, webStorageEnabled=true, locationContextEnabled=true, browserName=firefox, takesScreenshot=true, javascriptEnabled=true, cssSelectorsEnabled=true}]
Session ID: 99a35825-7f3a-4add-9f45-cae35d66c0ad">
      <![CDATA[org.openqa.selenium.NoSuchElementException: Unable to locate element: {"method":"css selector","selector":".tr-cell.test"}
Command duration or timeout: 10.09 seconds
For documentation on this error, please visit: http://seleniumhq.org/exceptions/no_such_element.html
Build info: version: '2.42.2', revision: '6a6995d', time: '2014-06-03 17:42:30'
System info: host: 'Volodymyr-PC', ip: '192.168.1.103', os.name: 'Windows 7', os.arch: 'amd64', os.version: '6.1', java.version: '1.8.0_11'
Driver info: org.openqa.selenium.firefox.FirefoxDriver
Capabilities [{applicationCacheEnabled=true, rotatable=false, handlesAlerts=true, databaseEnabled=true, version=31.0, platform=XP, nativeEvents=false, acceptSslCerts=true, webStorageEnabled=true, locationContextEnabled=true, browserName=firefox, takesScreenshot=true, javascriptEnabled=true, cssSelectorsEnabled=true}]
Session ID: 99a35825-7f3a-4add-9f45-cae35d66c0ad
	at org.openqa.selenium.remote.ErrorHandler.createThrowable(ErrorHandler.java:204)
	at org.openqa.selenium.remote.ErrorHandler.throwIfResponseFailed(ErrorHandler.java:156)
	at org.openqa.selenium.remote.RemoteWebDriver.execute(RemoteWebDriver.java:599)
	at org.openqa.selenium.remote.RemoteWebElement.execute(RemoteWebElement.java:268)
	at org.openqa.selenium.remote.RemoteWebElement.findElement(RemoteWebElement.java:171)
	at org.openqa.selenium.remote.RemoteWebElement.findElementByCssSelector(RemoteWebElement.java:236)
	at org.openqa.selenium.By$ByCssSelector.findElement(By.java:426)
	at org.openqa.selenium.remote.RemoteWebElement.findElement(RemoteWebElement.java:167)
	at com.nhuha.invoice.tests.Run.addProductNameValidatioONFalure(Run.java:73)
Caused by: org.openqa.selenium.remote.ErrorHandler$UnknownServerException: Unable to locate element: {"method":"css selector","selector":".tr-cell.test"}
Build info: version: '2.42.2', revision: '6a6995d', time: '2014-06-03 17:42:30'
System info: host: 'Volodymyr-PC', ip: '192.168.1.103', os.name: 'Windows 7', os.arch: 'amd64', os.version: '6.1', java.version: '1.8.0_11'
Driver info: driver.version: unknown
	at <anonymous class>.FirefoxDriver.prototype.findElementInternal_(file:///C:/Users/VOLODY~1/AppData/Local/Temp/anonymous4214243960361960312webdriver-profile/extensions/fxdriver@googlecode.com/components/driver_component.js:9470:133)
	at <anonymous class>.fxdriver.Timer.prototype.setTimeout/<.notify(file:///C:/Users/VOLODY~1/AppData/Local/Temp/anonymous4214243960361960312webdriver-profile/extensions/fxdriver@googlecode.com/components/driver_component.js:407:5)
... Removed 28 stack frames]]>
    </failure>
  </testcase> <!-- addProductNameValidatioONFalure -->
  <testcase name="addProductNameValidation" time="0.613" classname="com.nhuha.invoice.tests.Run"/>
  <testcase name="addProductPriceQuantity" time="0.575" classname="com.nhuha.invoice.tests.Run"/>
  <testcase name="addProductPriceValidation" time="0.604" classname="com.nhuha.invoice.tests.Run"/>
  <testcase name="addUnitsKg" time="0.281" classname="com.nhuha.invoice.tests.Run"/>
  <testcase name="addUnitsL" time="0.297" classname="com.nhuha.invoice.tests.Run"/>
  <testcase name="addUnitsM" time="0.295" classname="com.nhuha.invoice.tests.Run"/>
  <testcase name="addUnitsM2" time="0.291" classname="com.nhuha.invoice.tests.Run"/>
  <testcase name="addUnitsPcs" time="0.223" classname="com.nhuha.invoice.tests.Run"/>
  <testcase name="cancelEditProduct" time="0.708" classname="com.nhuha.invoice.tests.Run"/>
  <testcase name="editPrice" time="0.554" classname="com.nhuha.invoice.tests.Run"/>
  <testcase name="editPriceValidation" time="0.547" classname="com.nhuha.invoice.tests.Run"/>
  <testcase name="editPriceValidation" time="0.696" classname="com.nhuha.invoice.tests.Run"/>
  <testcase name="editPriceValidation" time="0.586" classname="com.nhuha.invoice.tests.Run"/>
  <testcase name="editPriceValidation" time="0.535" classname="com.nhuha.invoice.tests.Run"/>
  <testcase name="editPriceValidation" time="0.631" classname="com.nhuha.invoice.tests.Run"/>
  <testcase name="editPriceValidation" time="0.547" classname="com.nhuha.invoice.tests.Run"/>
  <testcase name="editPriceValidation" time="0.568" classname="com.nhuha.invoice.tests.Run"/>
  <testcase name="editPriceValidation" time="0.588" classname="com.nhuha.invoice.tests.Run"/>
  <testcase name="editPriceValidation" time="0.573" classname="com.nhuha.invoice.tests.Run"/>
  <testcase name="editProduct" time="0.657" classname="com.nhuha.invoice.tests.Run"/>
  <testcase name="editProductNameValidation" time="0.545" classname="com.nhuha.invoice.tests.Run"/>
  <testcase name="editProductNameValidation" time="0.571" classname="com.nhuha.invoice.tests.Run"/>
  <testcase name="editProductNameValidation" time="0.556" classname="com.nhuha.invoice.tests.Run"/>
  <testcase name="editProductNameValidation" time="0.667" classname="com.nhuha.invoice.tests.Run"/>
  <testcase name="editProductNameValidation" time="0.637" classname="com.nhuha.invoice.tests.Run"/>
  <testcase name="editProductNameValidation" time="0.533" classname="com.nhuha.invoice.tests.Run"/>
  <testcase name="editProductNameValidation" time="0.574" classname="com.nhuha.invoice.tests.Run"/>
  <testcase name="editQantity" time="0.643" classname="com.nhuha.invoice.tests.Run"/>
  <testcase name="editQuantityValidation" time="0.519" classname="com.nhuha.invoice.tests.Run"/>
  <testcase name="editQuantityValidation" time="0.543" classname="com.nhuha.invoice.tests.Run"/>
  <testcase name="editQuantityValidation" time="0.548" classname="com.nhuha.invoice.tests.Run"/>
  <testcase name="editQuantityValidation" time="0.527" classname="com.nhuha.invoice.tests.Run"/>
  <testcase name="editQuantityValidation" time="0.684" classname="com.nhuha.invoice.tests.Run"/>
  <testcase name="editQuantityValidation" time="1.71" classname="com.nhuha.invoice.tests.Run"/>
  <testcase name="editQuantityValidation" time="0.549" classname="com.nhuha.invoice.tests.Run"/>
  <testcase name="editQuantityValidation" time="0.812" classname="com.nhuha.invoice.tests.Run"/>
  <testcase name="editQuantityValidation" time="0.549" classname="com.nhuha.invoice.tests.Run"/>
  <testcase name="editUnit" time="0.642" classname="com.nhuha.invoice.tests.Run"/>
  <testcase name="emptyFieldsValidation" time="0.089" classname="com.nhuha.invoice.tests.Run"/>
  <testcase name="priceValidation" time="0.162" classname="com.nhuha.invoice.tests.Run"/>
  <testcase name="priceValidation" time="0.181" classname="com.nhuha.invoice.tests.Run"/>
  <testcase name="priceValidation" time="0.185" classname="com.nhuha.invoice.tests.Run"/>
  <testcase name="priceValidation" time="0.164" classname="com.nhuha.invoice.tests.Run"/>
  <testcase name="priceValidation" time="0.185" classname="com.nhuha.invoice.tests.Run"/>
  <testcase name="priceValidation" time="0.171" classname="com.nhuha.invoice.tests.Run"/>
  <testcase name="priceValidation" time="0.161" classname="com.nhuha.invoice.tests.Run"/>
  <testcase name="priceValidation" time="0.152" classname="com.nhuha.invoice.tests.Run"/>
  <testcase name="priceValidation" time="0.232" classname="com.nhuha.invoice.tests.Run"/>
  <testcase name="productNameValidation" time="0.184" classname="com.nhuha.invoice.tests.Run"/>
  <testcase name="productNameValidation" time="0.203" classname="com.nhuha.invoice.tests.Run"/>
  <testcase name="productNameValidation" time="0.177" classname="com.nhuha.invoice.tests.Run"/>
  <testcase name="productNameValidation" time="0.152" classname="com.nhuha.invoice.tests.Run"/>
  <testcase name="productNameValidation" time="0.175" classname="com.nhuha.invoice.tests.Run"/>
  <testcase name="productNameValidation" time="0.16" classname="com.nhuha.invoice.tests.Run"/>
  <testcase name="productNameValidation" time="0.163" classname="com.nhuha.invoice.tests.Run"/>
  <testcase name="quantityValidation" time="0.163" classname="com.nhuha.invoice.tests.Run"/>
  <testcase name="quantityValidation" time="0.161" classname="com.nhuha.invoice.tests.Run"/>
  <testcase name="quantityValidation" time="0.168" classname="com.nhuha.invoice.tests.Run"/>
  <testcase name="quantityValidation" time="0.159" classname="com.nhuha.invoice.tests.Run"/>
  <testcase name="quantityValidation" time="0.164" classname="com.nhuha.invoice.tests.Run"/>
  <testcase name="quantityValidation" time="0.171" classname="com.nhuha.invoice.tests.Run"/>
  <testcase name="quantityValidation" time="0.212" classname="com.nhuha.invoice.tests.Run"/>
  <testcase name="quantityValidation" time="0.312" classname="com.nhuha.invoice.tests.Run"/>
  <testcase name="quantityValidation" time="0.176" classname="com.nhuha.invoice.tests.Run"/>
  <testcase name="removeProduct" time="0.546" classname="com.nhuha.invoice.tests.Run"/>
  <testcase name="totalPriceVerification" time="0.938" classname="com.nhuha.invoice.tests.Run"/>
  <testcase name="totalProductPriceVerification" time="0.654" classname="com.nhuha.invoice.tests.Run"/>
</testsuite> <!-- Run all invoice tests [FF] -->
