<?xml version="1.0" encoding="UTF-8"?>
<!-- Generated by org.testng.reporters.JUnitXMLReporter -->
<testsuite hostname="Volodymyr-PC" name="Run all invoice tests [Chrome]" tests="68" failures="1" timestamp="28 Sep 2014 13:38:24 GMT" time="43.506" errors="0">
  <testcase name="addProductNameValidatioONFalure" time="10.748" classname="com.nhuha.invoice.tests.Run">
    <failure type="org.openqa.selenium.NoSuchElementException" message="no such element
  (Session info: chrome=37.0.2062.124)
  (Driver info: chromedriver=2.9.248315,platform=Windows NT 6.1 SP1 x86_64) (WARNING: The server did not provide any stacktrace information)
Command duration or timeout: 10.04 seconds
For documentation on this error, please visit: http://seleniumhq.org/exceptions/no_such_element.html
Build info: version: &amp;apos;2.42.2&amp;apos;, revision: &amp;apos;6a6995d&amp;apos;, time: &amp;apos;2014-06-03 17:42:30&amp;apos;
System info: host: &amp;apos;Volodymyr-PC&amp;apos;, ip: &amp;apos;192.168.1.103&amp;apos;, os.name: &amp;apos;Windows 7&amp;apos;, os.arch: &amp;apos;amd64&amp;apos;, os.version: &amp;apos;6.1&amp;apos;, java.version: &amp;apos;1.8.0_11&amp;apos;
Driver info: org.openqa.selenium.chrome.ChromeDriver
Capabilities [{applicationCacheEnabled=false, rotatable=false, chrome={userDataDir=C:\Users\VOLODY~1\AppData\Local\Temp\scoped_dir7976_23724}, takesHeapSnapshot=true, databaseEnabled=false, handlesAlerts=true, version=37.0.2062.124, platform=XP, browserConnectionEnabled=false, nativeEvents=true, acceptSslCerts=true, locationContextEnabled=true, webStorageEnabled=true, browserName=chrome, takesScreenshot=true, javascriptEnabled=true, cssSelectorsEnabled=true}]
Session ID: 7711cc9ec78b325c9e5d58211c3b6862">
      <![CDATA[org.openqa.selenium.NoSuchElementException: no such element
  (Session info: chrome=37.0.2062.124)
  (Driver info: chromedriver=2.9.248315,platform=Windows NT 6.1 SP1 x86_64) (WARNING: The server did not provide any stacktrace information)
Command duration or timeout: 10.04 seconds
For documentation on this error, please visit: http://seleniumhq.org/exceptions/no_such_element.html
Build info: version: '2.42.2', revision: '6a6995d', time: '2014-06-03 17:42:30'
System info: host: 'Volodymyr-PC', ip: '192.168.1.103', os.name: 'Windows 7', os.arch: 'amd64', os.version: '6.1', java.version: '1.8.0_11'
Driver info: org.openqa.selenium.chrome.ChromeDriver
Capabilities [{applicationCacheEnabled=false, rotatable=false, chrome={userDataDir=C:\Users\VOLODY~1\AppData\Local\Temp\scoped_dir7976_23724}, takesHeapSnapshot=true, databaseEnabled=false, handlesAlerts=true, version=37.0.2062.124, platform=XP, browserConnectionEnabled=false, nativeEvents=true, acceptSslCerts=true, locationContextEnabled=true, webStorageEnabled=true, browserName=chrome, takesScreenshot=true, javascriptEnabled=true, cssSelectorsEnabled=true}]
Session ID: 7711cc9ec78b325c9e5d58211c3b6862
	at org.openqa.selenium.remote.ErrorHandler.createThrowable(ErrorHandler.java:204)
	at org.openqa.selenium.remote.ErrorHandler.throwIfResponseFailed(ErrorHandler.java:156)
	at org.openqa.selenium.remote.RemoteWebDriver.execute(RemoteWebDriver.java:599)
	at org.openqa.selenium.remote.RemoteWebElement.execute(RemoteWebElement.java:268)
	at org.openqa.selenium.remote.RemoteWebElement.findElement(RemoteWebElement.java:171)
	at org.openqa.selenium.remote.RemoteWebElement.findElementByCssSelector(RemoteWebElement.java:236)
	at org.openqa.selenium.By$ByCssSelector.findElement(By.java:426)
	at org.openqa.selenium.remote.RemoteWebElement.findElement(RemoteWebElement.java:167)
	at com.nhuha.invoice.tests.Run.addProductNameValidatioONFalure(Run.java:73)
... Removed 28 stack frames]]>
    </failure>
  </testcase> <!-- addProductNameValidatioONFalure -->
  <testcase name="addProductNameValidation" time="0.638" classname="com.nhuha.invoice.tests.Run"/>
  <testcase name="addProductPriceQuantity" time="0.598" classname="com.nhuha.invoice.tests.Run"/>
  <testcase name="addProductPriceValidation" time="0.631" classname="com.nhuha.invoice.tests.Run"/>
  <testcase name="addUnitsKg" time="0.328" classname="com.nhuha.invoice.tests.Run"/>
  <testcase name="addUnitsL" time="0.286" classname="com.nhuha.invoice.tests.Run"/>
  <testcase name="addUnitsM" time="0.304" classname="com.nhuha.invoice.tests.Run"/>
  <testcase name="addUnitsM2" time="0.317" classname="com.nhuha.invoice.tests.Run"/>
  <testcase name="addUnitsPcs" time="0.277" classname="com.nhuha.invoice.tests.Run"/>
  <testcase name="cancelEditProduct" time="0.952" classname="com.nhuha.invoice.tests.Run"/>
  <testcase name="editPrice" time="0.613" classname="com.nhuha.invoice.tests.Run"/>
  <testcase name="editPriceValidation" time="0.567" classname="com.nhuha.invoice.tests.Run"/>
  <testcase name="editPriceValidation" time="0.601" classname="com.nhuha.invoice.tests.Run"/>
  <testcase name="editPriceValidation" time="0.624" classname="com.nhuha.invoice.tests.Run"/>
  <testcase name="editPriceValidation" time="0.563" classname="com.nhuha.invoice.tests.Run"/>
  <testcase name="editPriceValidation" time="0.586" classname="com.nhuha.invoice.tests.Run"/>
  <testcase name="editPriceValidation" time="0.619" classname="com.nhuha.invoice.tests.Run"/>
  <testcase name="editPriceValidation" time="0.586" classname="com.nhuha.invoice.tests.Run"/>
  <testcase name="editPriceValidation" time="0.623" classname="com.nhuha.invoice.tests.Run"/>
  <testcase name="editPriceValidation" time="0.561" classname="com.nhuha.invoice.tests.Run"/>
  <testcase name="editProduct" time="0.66" classname="com.nhuha.invoice.tests.Run"/>
  <testcase name="editProductNameValidation" time="0.567" classname="com.nhuha.invoice.tests.Run"/>
  <testcase name="editProductNameValidation" time="0.578" classname="com.nhuha.invoice.tests.Run"/>
  <testcase name="editProductNameValidation" time="0.571" classname="com.nhuha.invoice.tests.Run"/>
  <testcase name="editProductNameValidation" time="0.568" classname="com.nhuha.invoice.tests.Run"/>
  <testcase name="editProductNameValidation" time="0.586" classname="com.nhuha.invoice.tests.Run"/>
  <testcase name="editProductNameValidation" time="0.586" classname="com.nhuha.invoice.tests.Run"/>
  <testcase name="editProductNameValidation" time="0.597" classname="com.nhuha.invoice.tests.Run"/>
  <testcase name="editQantity" time="0.621" classname="com.nhuha.invoice.tests.Run"/>
  <testcase name="editQuantityValidation" time="0.612" classname="com.nhuha.invoice.tests.Run"/>
  <testcase name="editQuantityValidation" time="0.623" classname="com.nhuha.invoice.tests.Run"/>
  <testcase name="editQuantityValidation" time="0.637" classname="com.nhuha.invoice.tests.Run"/>
  <testcase name="editQuantityValidation" time="0.583" classname="com.nhuha.invoice.tests.Run"/>
  <testcase name="editQuantityValidation" time="0.589" classname="com.nhuha.invoice.tests.Run"/>
  <testcase name="editQuantityValidation" time="0.596" classname="com.nhuha.invoice.tests.Run"/>
  <testcase name="editQuantityValidation" time="0.592" classname="com.nhuha.invoice.tests.Run"/>
  <testcase name="editQuantityValidation" time="0.598" classname="com.nhuha.invoice.tests.Run"/>
  <testcase name="editQuantityValidation" time="0.613" classname="com.nhuha.invoice.tests.Run"/>
  <testcase name="editUnit" time="0.603" classname="com.nhuha.invoice.tests.Run"/>
  <testcase name="emptyFieldsValidation" time="0.083" classname="com.nhuha.invoice.tests.Run"/>
  <testcase name="priceValidation" time="0.152" classname="com.nhuha.invoice.tests.Run"/>
  <testcase name="priceValidation" time="0.151" classname="com.nhuha.invoice.tests.Run"/>
  <testcase name="priceValidation" time="0.157" classname="com.nhuha.invoice.tests.Run"/>
  <testcase name="priceValidation" time="0.148" classname="com.nhuha.invoice.tests.Run"/>
  <testcase name="priceValidation" time="0.162" classname="com.nhuha.invoice.tests.Run"/>
  <testcase name="priceValidation" time="0.158" classname="com.nhuha.invoice.tests.Run"/>
  <testcase name="priceValidation" time="0.152" classname="com.nhuha.invoice.tests.Run"/>
  <testcase name="priceValidation" time="0.147" classname="com.nhuha.invoice.tests.Run"/>
  <testcase name="priceValidation" time="0.16" classname="com.nhuha.invoice.tests.Run"/>
  <testcase name="productNameValidation" time="0.141" classname="com.nhuha.invoice.tests.Run"/>
  <testcase name="productNameValidation" time="0.141" classname="com.nhuha.invoice.tests.Run"/>
  <testcase name="productNameValidation" time="0.162" classname="com.nhuha.invoice.tests.Run"/>
  <testcase name="productNameValidation" time="0.148" classname="com.nhuha.invoice.tests.Run"/>
  <testcase name="productNameValidation" time="0.157" classname="com.nhuha.invoice.tests.Run"/>
  <testcase name="productNameValidation" time="0.148" classname="com.nhuha.invoice.tests.Run"/>
  <testcase name="productNameValidation" time="0.151" classname="com.nhuha.invoice.tests.Run"/>
  <testcase name="quantityValidation" time="0.157" classname="com.nhuha.invoice.tests.Run"/>
  <testcase name="quantityValidation" time="0.156" classname="com.nhuha.invoice.tests.Run"/>
  <testcase name="quantityValidation" time="0.175" classname="com.nhuha.invoice.tests.Run"/>
  <testcase name="quantityValidation" time="0.149" classname="com.nhuha.invoice.tests.Run"/>
  <testcase name="quantityValidation" time="0.155" classname="com.nhuha.invoice.tests.Run"/>
  <testcase name="quantityValidation" time="0.155" classname="com.nhuha.invoice.tests.Run"/>
  <testcase name="quantityValidation" time="0.161" classname="com.nhuha.invoice.tests.Run"/>
  <testcase name="quantityValidation" time="0.164" classname="com.nhuha.invoice.tests.Run"/>
  <testcase name="quantityValidation" time="0.162" classname="com.nhuha.invoice.tests.Run"/>
  <testcase name="removeProduct" time="0.658" classname="com.nhuha.invoice.tests.Run"/>
  <testcase name="totalPriceVerification" time="1.76" classname="com.nhuha.invoice.tests.Run"/>
  <testcase name="totalProductPriceVerification" time="0.723" classname="com.nhuha.invoice.tests.Run"/>
</testsuite> <!-- Run all invoice tests [Chrome] -->
